<?xml version="1.0" encoding="UTF-8"?>
<testng-results ignored="0" total="3" passed="3" failed="0" skipped="0">
  <reporter-output>
  </reporter-output>
  <suite started-at="2026-06-10T21:06:18 IST" name="Suite" finished-at="2026-06-10T21:07:48 IST" duration-ms="90783">
    <groups>
    </groups>
    <test started-at="2026-06-10T21:06:18 IST" name="Test" finished-at="2026-06-10T21:07:48 IST" duration-ms="90783">
      <class name="testcases.Saucedemo_all_Testcase">
        <test-method is-config="true" signature="initialize_n_OpenBrowser(java.lang.reflect.Method)[pri:0, instance:testcases.Saucedemo_all_Testcase@56f6d40b]" started-at="2026-06-10T21:06:18 IST" name="initialize_n_OpenBrowser" finished-at="2026-06-10T21:06:36 IST" duration-ms="18570" status="PASS">
          <params>
            <param index="0">
              <value>
                <![CDATA[public void testcases.Saucedemo_all_Testcase.login_testcase() throws java.io.IOException,java.lang.InterruptedException]]>
              </value>
            </param>
          </params>
          <reporter-output>
          </reporter-output>
        </test-method> <!-- initialize_n_OpenBrowser -->
        <test-method signature="login_testcase()[pri:1, instance:testcases.Saucedemo_all_Testcase@56f6d40b]" started-at="2026-06-10T21:06:36 IST" name="login_testcase" finished-at="2026-06-10T21:06:47 IST" duration-ms="10523" status="PASS">
          <reporter-output>
          </reporter-output>
        </test-method> <!-- login_testcase -->
        <test-method is-config="true" signature="closeBrowser()[pri:0, instance:testcases.Saucedemo_all_Testcase@56f6d40b]" started-at="2026-06-10T21:06:47 IST" name="closeBrowser" finished-at="2026-06-10T21:06:47 IST" duration-ms="414" status="PASS">
          <reporter-output>
          </reporter-output>
        </test-method> <!-- closeBrowser -->
        <test-method is-config="true" signature="initialize_n_OpenBrowser(java.lang.reflect.Method)[pri:0, instance:testcases.Saucedemo_all_Testcase@56f6d40b]" started-at="2026-06-10T21:06:47 IST" name="initialize_n_OpenBrowser" finished-at="2026-06-10T21:06:56 IST" duration-ms="8248" status="PASS">
          <params>
            <param index="0">
              <value>
                <![CDATA[public void testcases.Saucedemo_all_Testcase.add_to_cart_testcase() throws java.io.IOException,java.lang.InterruptedException]]>
              </value>
            </param>
          </params>
          <reporter-output>
          </reporter-output>
        </test-method> <!-- initialize_n_OpenBrowser -->
        <test-method signature="add_to_cart_testcase()[pri:2, instance:testcases.Saucedemo_all_Testcase@56f6d40b]" started-at="2026-06-10T21:06:56 IST" name="add_to_cart_testcase" finished-at="2026-06-10T21:07:07 IST" duration-ms="11337" status="PASS">
          <reporter-output>
          </reporter-output>
        </test-method> <!-- add_to_cart_testcase -->
        <test-method is-config="true" signature="closeBrowser()[pri:0, instance:testcases.Saucedemo_all_Testcase@56f6d40b]" started-at="2026-06-10T21:07:07 IST" name="closeBrowser" finished-at="2026-06-10T21:07:07 IST" duration-ms="583" status="PASS">
          <reporter-output>
          </reporter-output>
        </test-method> <!-- closeBrowser -->
        <test-method is-config="true" signature="initialize_n_OpenBrowser(java.lang.reflect.Method)[pri:0, instance:testcases.Saucedemo_all_Testcase@56f6d40b]" started-at="2026-06-10T21:07:07 IST" name="initialize_n_OpenBrowser" finished-at="2026-06-10T21:07:26 IST" duration-ms="18219" status="PASS">
          <params>
            <param index="0">
              <value>
                <![CDATA[public void testcases.Saucedemo_all_Testcase.checkout_address() throws java.io.IOException,java.lang.InterruptedException]]>
              </value>
            </param>
          </params>
          <reporter-output>
          </reporter-output>
        </test-method> <!-- initialize_n_OpenBrowser -->
        <test-method signature="checkout_address()[pri:3, instance:testcases.Saucedemo_all_Testcase@56f6d40b]" started-at="2026-06-10T21:07:26 IST" name="checkout_address" finished-at="2026-06-10T21:07:48 IST" duration-ms="22067" status="PASS">
          <reporter-output>
          </reporter-output>
        </test-method> <!-- checkout_address -->
        <test-method is-config="true" signature="closeBrowser()[pri:0, instance:testcases.Saucedemo_all_Testcase@56f6d40b]" started-at="2026-06-10T21:07:48 IST" name="closeBrowser" finished-at="2026-06-10T21:07:48 IST" duration-ms="597" status="PASS">
          <reporter-output>
          </reporter-output>
        </test-method> <!-- closeBrowser -->
      </class> <!-- testcases.Saucedemo_all_Testcase -->
    </test> <!-- Test -->
  </suite> <!-- Suite -->
</testng-results>
