<?xml version="1.0" encoding="UTF-8"?>
<!-- Generated by org.testng.reporters.JUnitXMLReporter -->
<testsuite ignored="0" hostname="VISHAL4121-PC" failures="0" tests="3" name="Test" time="90.783" errors="0" timestamp="2026-06-10T21:07:48 IST">
  <testcase classname="testcases.Saucedemo_all_Testcase" name="login_testcase" time="10.523"/>
  <testcase classname="testcases.Saucedemo_all_Testcase" name="add_to_cart_testcase" time="11.337"/>
  <testcase classname="testcases.Saucedemo_all_Testcase" name="checkout_address" time="22.067"/>
</testsuite> <!-- Test -->
