<?xml version="1.0" encoding="UTF-8"?>
<!-- Generated by org.testng.reporters.JUnitXMLReporter -->
<testsuite ignored="0" hostname="VISHAL4121-PC" failures="0" tests="5" name="Test" time="150.571" errors="0" timestamp="2026-06-28T22:46:50 IST">
  <testcase classname="TestCases.SpreeCommerce_All_TestCases" name="registration_testcase" time="27.969"/>
  <testcase classname="TestCases.SpreeCommerce_All_TestCases" name="place_order_testcase" time="48.349"/>
  <testcase classname="TestCases.SpreeCommerce_All_TestCases" name="search_product_testcase" time="18.774"/>
  <testcase classname="TestCases.SpreeCommerce_All_TestCases" name="add_to_cart_testcase" time="29.364"/>
  <testcase classname="TestCases.SpreeCommerce_All_TestCases" name="login_testcase" time="13.34"/>
</testsuite> <!-- Test -->
