<?xml version="1.0" encoding="UTF-8"?>
<!-- Generated by org.testng.reporters.JUnitReportReporter -->
<testsuite hostname="VISHAL4121-PC" failures="0" tests="5" name="TestCases.SpreeCommerce_All_TestCases" time="150.264" errors="0" timestamp="2026-06-28T22:46:50 IST" skipped="0">
  <testcase classname="TestCases.SpreeCommerce_All_TestCases" name="registration_testcase" time="30.679"/>
  <testcase classname="TestCases.SpreeCommerce_All_TestCases" name="place_order_testcase" time="50.577"/>
  <testcase classname="TestCases.SpreeCommerce_All_TestCases" name="search_product_testcase" time="21.165"/>
  <testcase classname="TestCases.SpreeCommerce_All_TestCases" name="add_to_cart_testcase" time="32.123"/>
  <testcase classname="TestCases.SpreeCommerce_All_TestCases" name="login_testcase" time="15.720"/>
</testsuite> <!-- TestCases.SpreeCommerce_All_TestCases -->
