<?xml version="1.0" encoding="UTF-8"?>
<!-- Generated by org.testng.reporters.JUnitReportReporter -->
<testsuite hostname="VISHAL4121-PC" failures="0" tests="3" name="testcases.Saucedemo_all_Testcase" time="90.558" errors="0" timestamp="2026-06-10T21:07:49 IST" skipped="0">
  <testcase classname="testcases.Saucedemo_all_Testcase" name="login_testcase" time="19.354"/>
  <testcase classname="testcases.Saucedemo_all_Testcase" name="add_to_cart_testcase" time="30.504"/>
  <testcase classname="testcases.Saucedemo_all_Testcase" name="checkout_address" time="40.700"/>
</testsuite> <!-- testcases.Saucedemo_all_Testcase -->
