<?xml version="1.0" encoding="UTF-8"?>
<!-- Generated by org.testng.reporters.JUnitXMLReporter -->
<testsuite ignored="0" hostname="VISHAL4121-PC" failures="0" tests="2" name="Default test" time="0.185" errors="0" timestamp="2026-06-10T20:15:25 IST">
  <testcase classname="helper.BaseTest" name="@BeforeSuite flushReport" time="0.026">
    <failure type="java.lang.NullPointerException" message="Cannot invoke &amp;quot;com.aventstack.extentreports.ExtentReports.flush()&amp;quot; because &amp;quot;this.extent&amp;quot; is null">
      <![CDATA[java.lang.NullPointerException: Cannot invoke "com.aventstack.extentreports.ExtentReports.flush()" because "this.extent" is null
at helper.BaseTest.flushReport(BaseTest.java:71)
at java.base/jdk.internal.reflect.NativeMethodAccessorImpl.invoke0(Native Method)
at java.base/jdk.internal.reflect.NativeMethodAccessorImpl.invoke(NativeMethodAccessorImpl.java:77)
at java.base/jdk.internal.reflect.DelegatingMethodAccessorImpl.invoke(DelegatingMethodAccessorImpl.java:43)
at java.base/java.lang.reflect.Method.invoke(Method.java:568)
at org.testng.internal.invokers.MethodInvocationHelper.invokeMethod(MethodInvocationHelper.java:141)
at org.testng.internal.invokers.MethodInvocationHelper.invokeMethodConsideringTimeout(MethodInvocationHelper.java:71)
at org.testng.internal.invokers.ConfigInvoker.invokeConfigurationMethod(ConfigInvoker.java:400)
at org.testng.internal.invokers.ConfigInvoker.invokeConfigurations(ConfigInvoker.java:333)
at org.testng.SuiteRunner.privateRun(SuiteRunner.java:358)
at org.testng.SuiteRunner.run(SuiteRunner.java:312)
at org.testng.SuiteRunnerWorker.runSuite(SuiteRunnerWorker.java:52)
at org.testng.SuiteRunnerWorker.run(SuiteRunnerWorker.java:95)
at org.testng.TestNG.runSuitesSequentially(TestNG.java:1274)
at org.testng.TestNG.runSuitesLocally(TestNG.java:1208)
at org.testng.TestNG.runSuites(TestNG.java:1112)
at org.testng.TestNG.run(TestNG.java:1079)
at org.testng.remote.AbstractRemoteTestNG.run(AbstractRemoteTestNG.java:115)
at org.testng.remote.RemoteTestNG.initAndRun(RemoteTestNG.java:293)
at org.testng.remote.RemoteTestNG.main(RemoteTestNG.java:91)
]]>
    </failure>
  </testcase> <!-- @BeforeSuite flushReport -->
  <testcase classname="helper.BaseTest" name="@BeforeMethod initialize_n_OpenBrowser" time="0.0">
    <skipped/>
  </testcase> <!-- @BeforeMethod initialize_n_OpenBrowser -->
  <testcase classname="helper.BaseTest" name="@AfterMethod closeBrowser" time="0.0">
    <skipped/>
  </testcase> <!-- @AfterMethod closeBrowser -->
  <testcase classname="helper.BaseTest" name="@BeforeMethod initialize_n_OpenBrowser" time="0.0">
    <skipped/>
  </testcase> <!-- @BeforeMethod initialize_n_OpenBrowser -->
  <testcase classname="helper.BaseTest" name="@AfterMethod closeBrowser" time="0.0">
    <skipped/>
  </testcase> <!-- @AfterMethod closeBrowser -->
  <testcase classname="testcases.Saucedemo_all_Testcase" name="login_testcase" time="0.0">
    <skipped/>
  </testcase> <!-- login_testcase -->
  <testcase classname="testcases.Saucedemo_all_Testcase" name="add_to_cart_testcase" time="0.0">
    <skipped/>
  </testcase> <!-- add_to_cart_testcase -->
</testsuite> <!-- Default test -->
