<?xml version="1.0" encoding="UTF-8"?>
<testng-results ignored="0" total="5" passed="5" failed="0" skipped="0">
  <reporter-output>
  </reporter-output>
  <suite started-at="2026-06-28T22:44:19 IST" name="Suite" finished-at="2026-06-28T22:46:50 IST" duration-ms="150571">
    <groups>
    </groups>
    <test started-at="2026-06-28T22:44:19 IST" name="Test" finished-at="2026-06-28T22:46:50 IST" duration-ms="150571">
      <class name="TestCases.SpreeCommerce_All_TestCases">
        <test-method is-config="true" signature="setupReport()[pri:0, instance:TestCases.SpreeCommerce_All_TestCases@34a97744]" started-at="2026-06-28T22:44:19 IST" name="setupReport" finished-at="2026-06-28T22:44:19 IST" duration-ms="178" status="PASS">
          <reporter-output>
          </reporter-output>
        </test-method> <!-- setupReport -->
        <test-method is-config="true" signature="initialize_n_OpenBrowser(java.lang.reflect.Method)[pri:0, instance:TestCases.SpreeCommerce_All_TestCases@34a97744]" started-at="2026-06-28T22:44:19 IST" name="initialize_n_OpenBrowser" finished-at="2026-06-28T22:44:21 IST" duration-ms="2118" status="PASS">
          <params>
            <param index="0">
              <value>
                <![CDATA[public void TestCases.SpreeCommerce_All_TestCases.registration_testcase() throws java.io.IOException,java.lang.InterruptedException]]>
              </value>
            </param>
          </params>
          <reporter-output>
          </reporter-output>
        </test-method> <!-- initialize_n_OpenBrowser -->
        <test-method signature="registration_testcase()[pri:1, instance:TestCases.SpreeCommerce_All_TestCases@34a97744]" started-at="2026-06-28T22:44:22 IST" name="registration_testcase" finished-at="2026-06-28T22:44:50 IST" duration-ms="27969" status="PASS">
          <reporter-output>
          </reporter-output>
        </test-method> <!-- registration_testcase -->
        <test-method is-config="true" signature="closeBrowser()[pri:0, instance:TestCases.SpreeCommerce_All_TestCases@34a97744]" started-at="2026-06-28T22:44:50 IST" name="closeBrowser" finished-at="2026-06-28T22:44:50 IST" duration-ms="544" status="PASS">
          <reporter-output>
          </reporter-output>
        </test-method> <!-- closeBrowser -->
        <test-method is-config="true" signature="initialize_n_OpenBrowser(java.lang.reflect.Method)[pri:0, instance:TestCases.SpreeCommerce_All_TestCases@34a97744]" started-at="2026-06-28T22:44:50 IST" name="initialize_n_OpenBrowser" finished-at="2026-06-28T22:44:52 IST" duration-ms="1861" status="PASS">
          <params>
            <param index="0">
              <value>
                <![CDATA[public void TestCases.SpreeCommerce_All_TestCases.place_order_testcase() throws java.io.IOException,java.lang.InterruptedException]]>
              </value>
            </param>
          </params>
          <reporter-output>
          </reporter-output>
        </test-method> <!-- initialize_n_OpenBrowser -->
        <test-method signature="place_order_testcase()[pri:2, instance:TestCases.SpreeCommerce_All_TestCases@34a97744]" started-at="2026-06-28T22:44:52 IST" name="place_order_testcase" finished-at="2026-06-28T22:45:40 IST" duration-ms="48349" status="PASS">
          <reporter-output>
          </reporter-output>
        </test-method> <!-- place_order_testcase -->
        <test-method is-config="true" signature="closeBrowser()[pri:0, instance:TestCases.SpreeCommerce_All_TestCases@34a97744]" started-at="2026-06-28T22:45:40 IST" name="closeBrowser" finished-at="2026-06-28T22:45:41 IST" duration-ms="546" status="PASS">
          <reporter-output>
          </reporter-output>
        </test-method> <!-- closeBrowser -->
        <test-method is-config="true" signature="initialize_n_OpenBrowser(java.lang.reflect.Method)[pri:0, instance:TestCases.SpreeCommerce_All_TestCases@34a97744]" started-at="2026-06-28T22:45:41 IST" name="initialize_n_OpenBrowser" finished-at="2026-06-28T22:45:43 IST" duration-ms="1682" status="PASS">
          <params>
            <param index="0">
              <value>
                <![CDATA[public void TestCases.SpreeCommerce_All_TestCases.search_product_testcase() throws java.io.IOException,java.lang.InterruptedException]]>
              </value>
            </param>
          </params>
          <reporter-output>
          </reporter-output>
        </test-method> <!-- initialize_n_OpenBrowser -->
        <test-method signature="search_product_testcase()[pri:3, instance:TestCases.SpreeCommerce_All_TestCases@34a97744]" started-at="2026-06-28T22:45:43 IST" name="search_product_testcase" finished-at="2026-06-28T22:46:01 IST" duration-ms="18774" status="PASS">
          <reporter-output>
          </reporter-output>
        </test-method> <!-- search_product_testcase -->
        <test-method is-config="true" signature="closeBrowser()[pri:0, instance:TestCases.SpreeCommerce_All_TestCases@34a97744]" started-at="2026-06-28T22:46:01 IST" name="closeBrowser" finished-at="2026-06-28T22:46:02 IST" duration-ms="641" status="PASS">
          <reporter-output>
          </reporter-output>
        </test-method> <!-- closeBrowser -->
        <test-method is-config="true" signature="initialize_n_OpenBrowser(java.lang.reflect.Method)[pri:0, instance:TestCases.SpreeCommerce_All_TestCases@34a97744]" started-at="2026-06-28T22:46:02 IST" name="initialize_n_OpenBrowser" finished-at="2026-06-28T22:46:04 IST" duration-ms="2004" status="PASS">
          <params>
            <param index="0">
              <value>
                <![CDATA[public void TestCases.SpreeCommerce_All_TestCases.add_to_cart_testcase() throws java.io.IOException,java.lang.InterruptedException]]>
              </value>
            </param>
          </params>
          <reporter-output>
          </reporter-output>
        </test-method> <!-- initialize_n_OpenBrowser -->
        <test-method signature="add_to_cart_testcase()[pri:4, instance:TestCases.SpreeCommerce_All_TestCases@34a97744]" started-at="2026-06-28T22:46:04 IST" name="add_to_cart_testcase" finished-at="2026-06-28T22:46:33 IST" duration-ms="29364" status="PASS">
          <reporter-output>
          </reporter-output>
        </test-method> <!-- add_to_cart_testcase -->
        <test-method is-config="true" signature="closeBrowser()[pri:0, instance:TestCases.SpreeCommerce_All_TestCases@34a97744]" started-at="2026-06-28T22:46:33 IST" name="closeBrowser" finished-at="2026-06-28T22:46:34 IST" duration-ms="706" status="PASS">
          <reporter-output>
          </reporter-output>
        </test-method> <!-- closeBrowser -->
        <test-method is-config="true" signature="initialize_n_OpenBrowser(java.lang.reflect.Method)[pri:0, instance:TestCases.SpreeCommerce_All_TestCases@34a97744]" started-at="2026-06-28T22:46:34 IST" name="initialize_n_OpenBrowser" finished-at="2026-06-28T22:46:36 IST" duration-ms="1836" status="PASS">
          <params>
            <param index="0">
              <value>
                <![CDATA[public void TestCases.SpreeCommerce_All_TestCases.login_testcase() throws java.lang.Exception]]>
              </value>
            </param>
          </params>
          <reporter-output>
          </reporter-output>
        </test-method> <!-- initialize_n_OpenBrowser -->
        <test-method signature="login_testcase()[pri:5, instance:TestCases.SpreeCommerce_All_TestCases@34a97744]" started-at="2026-06-28T22:46:36 IST" name="login_testcase" finished-at="2026-06-28T22:46:49 IST" duration-ms="13340" status="PASS">
          <reporter-output>
          </reporter-output>
        </test-method> <!-- login_testcase -->
        <test-method is-config="true" signature="closeBrowser()[pri:0, instance:TestCases.SpreeCommerce_All_TestCases@34a97744]" started-at="2026-06-28T22:46:49 IST" name="closeBrowser" finished-at="2026-06-28T22:46:50 IST" duration-ms="530" status="PASS">
          <reporter-output>
          </reporter-output>
        </test-method> <!-- closeBrowser -->
        <test-method is-config="true" signature="closeReport()[pri:0, instance:TestCases.SpreeCommerce_All_TestCases@34a97744]" started-at="2026-06-28T22:46:50 IST" name="closeReport" finished-at="2026-06-28T22:46:50 IST" duration-ms="391" status="PASS">
          <reporter-output>
          </reporter-output>
        </test-method> <!-- closeReport -->
      </class> <!-- TestCases.SpreeCommerce_All_TestCases -->
    </test> <!-- Test -->
  </suite> <!-- Suite -->
</testng-results>
